<?xml version="1.0" encoding="UTF-8"?>
<!-- Generated by org.testng.reporters.JUnitXMLReporter -->
<testsuite ignored="0" hostname="Mohits-Air.fritz.box" failures="0" tests="3" name="Default test" time="15.605" errors="0" timestamp="2023-05-04T23:22:15 CEST">
  <testcase classname="company.qa.opencart.tests.LoginTest" name="NavigatetoLoginPageTest" time="1.163"/>
  <testcase classname="company.qa.opencart.tests.LoginTest" name="forgotpassTest" time="0.512"/>
  <testcase classname="company.qa.opencart.tests.LoginTest" name="loginUserTest" time="1.549"/>
</testsuite> <!-- Default test -->
