<?xml version="1.0" encoding="UTF-8"?>
<!-- Generated by org.testng.reporters.JUnitXMLReporter -->
<testsuite ignored="0" hostname="Mohits-Air.fritz.box" failures="0" tests="3" name="Default test" time="15.977" errors="0" timestamp="2023-05-07T13:31:18 CEST">
  <testcase classname="company.qa.opencart.tests.LoginTest" name="NavigatetoLoginPageTest" time="1.141"/>
  <testcase classname="company.qa.opencart.tests.LoginTest" name="forgotpassTest" time="0.517"/>
  <testcase classname="company.qa.opencart.tests.LoginTest" name="loginUserTest" time="1.649"/>
</testsuite> <!-- Default test -->
