<?xml version="1.0" encoding="UTF-8"?>
<!-- Generated by org.testng.reporters.JUnitXMLReporter -->
<testsuite ignored="0" hostname="Mohits-Air.fritz.box" failures="0" tests="3" name="LoginTest_firefox" time="11.063" errors="0" timestamp="2023-05-07T13:35:09 CEST">
  <testcase classname="company.qa.opencart.tests.LoginTest" name="NavigatetoLoginPageTest" time="0.535"/>
  <testcase classname="company.qa.opencart.tests.LoginTest" name="forgotpassTest" time="0.528"/>
  <testcase classname="company.qa.opencart.tests.LoginTest" name="loginUserTest" time="1.27"/>
</testsuite> <!-- LoginTest_firefox -->
