<?xml version="1.0" encoding="UTF-8"?>
<!-- Generated by org.testng.reporters.JUnitXMLReporter -->
<testsuite ignored="0" hostname="Mohits-Air.fritz.box" failures="0" tests="3" name="LoginTest_firefox" time="10.712" errors="0" timestamp="2023-05-08T11:31:55 CEST">
  <testcase classname="company.qa.opencart.tests.LoginTest" name="NavigatetoLoginPageTest" time="0.565"/>
  <testcase classname="company.qa.opencart.tests.LoginTest" name="forgotpassTest" time="0.535"/>
  <testcase classname="company.qa.opencart.tests.LoginTest" name="loginUserTest" time="1.291"/>
</testsuite> <!-- LoginTest_firefox -->
