<?xml version="1.0" encoding="UTF-8"?>
<!-- Generated by org.testng.reporters.JUnitXMLReporter -->
<testsuite ignored="0" hostname="Mohits-Air.fritz.box" failures="0" tests="3" name="LoginTest_chrome" time="17.135" errors="0" timestamp="2023-05-08T15:03:58 CEST">
  <testcase classname="company.qa.opencart.tests.LoginTest" name="NavigatetoLoginPageTest" time="1.597"/>
  <testcase classname="company.qa.opencart.tests.LoginTest" name="forgotpassTest" time="0.526"/>
  <testcase classname="company.qa.opencart.tests.LoginTest" name="loginUserTest" time="1.627"/>
</testsuite> <!-- LoginTest_chrome -->
