<?xml version="1.0" encoding="UTF-8"?>
<!-- Generated by org.testng.reporters.JUnitXMLReporter -->
<testsuite ignored="0" hostname="Mohits-Air.fritz.box" failures="0" tests="3" name="Login Test" time="17.148" errors="0" timestamp="2023-05-06T20:57:42 CEST">
  <testcase classname="company.qa.opencart.tests.LoginTest" name="NavigatetoLoginPageTest" time="1.667"/>
  <testcase classname="company.qa.opencart.tests.LoginTest" name="forgotpassTest" time="0.521"/>
  <testcase classname="company.qa.opencart.tests.LoginTest" name="loginUserTest" time="1.678"/>
</testsuite> <!-- Login Test -->
