<?xml version="1.0" encoding="UTF-8"?>
<!-- Generated by org.testng.reporters.JUnitXMLReporter -->
<testsuite ignored="0" hostname="Mohits-Air.fritz.box" failures="0" tests="3" name="Login Test" time="19.006" errors="0" timestamp="2023-05-05T19:32:41 CEST">
  <testcase classname="company.qa.opencart.tests.LoginTest" name="NavigatetoLoginPageTest" time="2.462"/>
  <testcase classname="company.qa.opencart.tests.LoginTest" name="forgotpassTest" time="0.538"/>
  <testcase classname="company.qa.opencart.tests.LoginTest" name="loginUserTest" time="1.695"/>
</testsuite> <!-- Login Test -->
