<?xml version="1.0" encoding="UTF-8"?>
<!-- Generated by org.testng.reporters.JUnitXMLReporter -->
<testsuite ignored="0" hostname="Mohits-Air.fritz.box" failures="0" tests="4" name="Search Test" time="16.054" errors="0" timestamp="2023-05-06T20:57:41 CEST">
  <testcase classname="company.qa.opencart.tests.SearchTest" name="TitleTest" time="0.162"/>
  <testcase classname="company.qa.opencart.tests.SearchTest" name="searchTest" time="1.299"/>
  <testcase classname="company.qa.opencart.tests.SearchTest" name="searchTest" time="0.765"/>
  <testcase classname="company.qa.opencart.tests.SearchTest" name="searchTest" time="0.472"/>
</testsuite> <!-- Search Test -->
