<?xml version="1.0" encoding="UTF-8"?>
<!-- Generated by org.testng.reporters.JUnitXMLReporter -->
<testsuite ignored="0" hostname="Mohits-Air.fritz.box" failures="0" tests="4" name="Search Test" time="17.982" errors="0" timestamp="2023-05-05T19:32:41 CEST">
  <testcase classname="company.qa.opencart.tests.search" name="TitleTest" time="0.139"/>
  <testcase classname="company.qa.opencart.tests.search" name="searchTest" time="1.214"/>
  <testcase classname="company.qa.opencart.tests.search" name="searchTest" time="0.824"/>
  <testcase classname="company.qa.opencart.tests.search" name="searchTest" time="0.802"/>
</testsuite> <!-- Search Test -->
