<?xml version="1.0" encoding="UTF-8"?>
<!-- Generated by org.testng.reporters.JUnitXMLReporter -->
<testsuite ignored="0" hostname="Mohits-Air.fritz.box" failures="0" tests="4" name="SearchTest_chrome" time="16.113" errors="0" timestamp="2023-05-08T15:03:57 CEST">
  <testcase classname="company.qa.opencart.tests.SearchTest" name="TitleTest" time="0.17"/>
  <testcase classname="company.qa.opencart.tests.SearchTest" name="searchTest" time="1.353"/>
  <testcase classname="company.qa.opencart.tests.SearchTest" name="searchTest" time="0.739"/>
  <testcase classname="company.qa.opencart.tests.SearchTest" name="searchTest" time="0.482"/>
</testsuite> <!-- SearchTest_chrome -->
