<?xml version="1.0" encoding="UTF-8"?>
<!-- Generated by org.testng.reporters.JUnitXMLReporter -->
<testsuite ignored="0" hostname="Mohits-Air.fritz.box" failures="0" tests="4" name="SearchTest_chrome" time="14.798" errors="0" timestamp="2023-05-07T13:35:12 CEST">
  <testcase classname="company.qa.opencart.tests.SearchTest" name="TitleTest" time="0.079"/>
  <testcase classname="company.qa.opencart.tests.SearchTest" name="searchTest" time="0.959"/>
  <testcase classname="company.qa.opencart.tests.SearchTest" name="searchTest" time="0.629"/>
  <testcase classname="company.qa.opencart.tests.SearchTest" name="searchTest" time="0.482"/>
</testsuite> <!-- SearchTest_chrome -->
