<?xml version="1.0" encoding="UTF-8"?>
<!-- Generated by org.testng.reporters.JUnitXMLReporter -->
<testsuite ignored="0" hostname="Mohits-Air.fritz.box" failures="0" tests="4" name="Test" time="15.665" errors="0" timestamp="2023-05-04T17:32:12 CEST">
  <testcase classname="company.qa.opencart.tests.search" name="TitleTest" time="0.079"/>
  <testcase classname="company.qa.opencart.tests.search" name="searchTest" time="0.925"/>
  <testcase classname="company.qa.opencart.tests.search" name="searchTest" time="0.62"/>
  <testcase classname="company.qa.opencart.tests.search" name="searchTest" time="0.487"/>
</testsuite> <!-- Test -->
