<?xml version="1.0" encoding="UTF-8"?>
<!-- Generated by org.testng.reporters.JUnitXMLReporter -->
<testsuite ignored="0" hostname="Mohits-Air.fritz.box" failures="0" tests="3" name="LoginTest_firefox" time="16.575" errors="0" timestamp="2023-05-07T13:32:45 CEST">
  <testcase classname="company.qa.opencart.tests.LoginTest" name="NavigatetoLoginPageTest" time="1.529"/>
  <testcase classname="company.qa.opencart.tests.LoginTest" name="forgotpassTest" time="0.506"/>
  <testcase classname="company.qa.opencart.tests.LoginTest" name="loginUserTest" time="1.604"/>
</testsuite> <!-- LoginTest_firefox -->
