<?xml version="1.0" encoding="UTF-8"?>
<!-- Generated by org.testng.reporters.JUnitXMLReporter -->
<testsuite ignored="0" hostname="Mohits-Air.fritz.box" failures="0" tests="4" name="SearchTest_chrome" time="15.603" errors="0" timestamp="2023-05-07T13:32:45 CEST">
  <testcase classname="company.qa.opencart.tests.SearchTest" name="TitleTest" time="0.131"/>
  <testcase classname="company.qa.opencart.tests.SearchTest" name="searchTest" time="1.216"/>
  <testcase classname="company.qa.opencart.tests.SearchTest" name="searchTest" time="0.632"/>
  <testcase classname="company.qa.opencart.tests.SearchTest" name="searchTest" time="0.471"/>
</testsuite> <!-- SearchTest_chrome -->
