<?xml version="1.0" encoding="UTF-8"?>
<testsuite xmlns:xsi="http://www.w3.org/2001/XMLSchema-instance" xsi:noNamespaceSchemaLocation="https://maven.apache.org/surefire/maven-surefire-plugin/xsd/surefire-test-report.xsd" name="TestSuite" time="17.836" tests="7" errors="0" skipped="0" failures="0">
  <properties>
[...]
</properties>
  <testcase name="TitleTest" classname="company.qa.opencart.tests.SearchTest" time="0.142"/>
  <testcase name="NavigatetoLoginPageTest" classname="company.qa.opencart.tests.LoginTest" time="1.205"/>
  <testcase name="searchTest" classname="company.qa.opencart.tests.SearchTest" time="0.006"/>
  <testcase name="searchTest" classname="company.qa.opencart.tests.SearchTest" time="0.134"/>
  <testcase name="searchTest" classname="company.qa.opencart.tests.SearchTest" time="0.474"/>
  <testcase name="forgotpassTest" classname="company.qa.opencart.tests.LoginTest" time="0.499"/>
  <testcase name="loginUserTest" classname="company.qa.opencart.tests.LoginTest" time="1.476"/>
</testsuite>