<?xml version="1.0" encoding="UTF-8"?>
<testng-results ignored="0" total="7" passed="7" failed="0" skipped="0">
  <reporter-output>
  </reporter-output>
  <suite started-at="2023-05-07T13:32:29 CEST" name="Suite" finished-at="2023-05-07T13:32:45 CEST" duration-ms="16575">
    <groups>
    </groups>
    <test started-at="2023-05-07T13:32:29 CEST" name="SearchTest_chrome" finished-at="2023-05-07T13:32:44 CEST" duration-ms="15603">
      <class name="company.qa.opencart.tests.SearchTest">
        <test-method is-config="true" signature="setup()[pri:0, instance:company.qa.opencart.tests.SearchTest@68f4865]" started-at="2023-05-07T13:32:29 CEST" name="setup" finished-at="2023-05-07T13:32:42 CEST" duration-ms="12816" status="PASS">
          <reporter-output>
          </reporter-output>
        </test-method> <!-- setup -->
        <test-method signature="TitleTest()[pri:0, instance:company.qa.opencart.tests.SearchTest@68f4865]" started-at="2023-05-07T13:32:42 CEST" name="TitleTest" finished-at="2023-05-07T13:32:42 CEST" duration-ms="131" status="PASS">
          <reporter-output>
          </reporter-output>
        </test-method> <!-- TitleTest -->
        <test-method signature="searchTest(java.lang.String)[pri:0, instance:company.qa.opencart.tests.SearchTest@68f4865]" started-at="2023-05-07T13:32:42 CEST" name="searchTest" data-provider="getProductData" finished-at="2023-05-07T13:32:43 CEST" duration-ms="1216" status="PASS">
          <params>
            <param index="0">
              <value>
                <![CDATA[Macbook]]>
              </value>
            </param>
          </params>
          <reporter-output>
          </reporter-output>
        </test-method> <!-- searchTest -->
        <test-method signature="searchTest(java.lang.String)[pri:0, instance:company.qa.opencart.tests.SearchTest@68f4865]" started-at="2023-05-07T13:32:43 CEST" name="searchTest" data-provider="getProductData" finished-at="2023-05-07T13:32:44 CEST" duration-ms="632" status="PASS">
          <params>
            <param index="0">
              <value>
                <![CDATA[Imac]]>
              </value>
            </param>
          </params>
          <reporter-output>
          </reporter-output>
        </test-method> <!-- searchTest -->
        <test-method signature="searchTest(java.lang.String)[pri:0, instance:company.qa.opencart.tests.SearchTest@68f4865]" started-at="2023-05-07T13:32:44 CEST" name="searchTest" data-provider="getProductData" finished-at="2023-05-07T13:32:44 CEST" duration-ms="471" status="PASS">
          <params>
            <param index="0">
              <value>
                <![CDATA[Samsung]]>
              </value>
            </param>
          </params>
          <reporter-output>
          </reporter-output>
        </test-method> <!-- searchTest -->
        <test-method is-config="true" signature="tearDown()[pri:0, instance:company.qa.opencart.tests.SearchTest@68f4865]" started-at="2023-05-07T13:32:44 CEST" name="tearDown" finished-at="2023-05-07T13:32:44 CEST" duration-ms="254" status="PASS">
          <reporter-output>
          </reporter-output>
        </test-method> <!-- tearDown -->
      </class> <!-- company.qa.opencart.tests.SearchTest -->
    </test> <!-- SearchTest_chrome -->
    <test started-at="2023-05-07T13:32:29 CEST" name="LoginTest_firefox" finished-at="2023-05-07T13:32:45 CEST" duration-ms="16575">
      <class name="company.qa.opencart.tests.LoginTest">
        <test-method is-config="true" signature="setup()[pri:0, instance:company.qa.opencart.tests.LoginTest@573906eb]" started-at="2023-05-07T13:32:29 CEST" name="setup" finished-at="2023-05-07T13:32:41 CEST" duration-ms="12597" status="PASS">
          <reporter-output>
          </reporter-output>
        </test-method> <!-- setup -->
        <test-method signature="NavigatetoLoginPageTest()[pri:1, instance:company.qa.opencart.tests.LoginTest@573906eb]" started-at="2023-05-07T13:32:41 CEST" name="NavigatetoLoginPageTest" finished-at="2023-05-07T13:32:43 CEST" duration-ms="1529" status="PASS">
          <reporter-output>
          </reporter-output>
        </test-method> <!-- NavigatetoLoginPageTest -->
        <test-method signature="forgotpassTest()[pri:2, instance:company.qa.opencart.tests.LoginTest@573906eb]" started-at="2023-05-07T13:32:43 CEST" name="forgotpassTest" finished-at="2023-05-07T13:32:44 CEST" duration-ms="506" status="PASS">
          <reporter-output>
          </reporter-output>
        </test-method> <!-- forgotpassTest -->
        <test-method signature="loginUserTest()[pri:3, instance:company.qa.opencart.tests.LoginTest@573906eb]" started-at="2023-05-07T13:32:44 CEST" name="loginUserTest" finished-at="2023-05-07T13:32:45 CEST" duration-ms="1604" status="PASS">
          <reporter-output>
          </reporter-output>
        </test-method> <!-- loginUserTest -->
        <test-method is-config="true" signature="tearDown()[pri:0, instance:company.qa.opencart.tests.LoginTest@573906eb]" started-at="2023-05-07T13:32:45 CEST" name="tearDown" finished-at="2023-05-07T13:32:45 CEST" duration-ms="223" status="PASS">
          <reporter-output>
          </reporter-output>
        </test-method> <!-- tearDown -->
      </class> <!-- company.qa.opencart.tests.LoginTest -->
    </test> <!-- LoginTest_firefox -->
  </suite> <!-- Suite -->
</testng-results>
