<?xml version="1.0" encoding="UTF-8"?>
<testng-results ignored="0" total="7" passed="7" failed="0" skipped="0">
  <reporter-output>
  </reporter-output>
  <suite started-at="2023-05-05T19:32:22 CEST" name="Suite" finished-at="2023-05-05T19:32:41 CEST" duration-ms="19006">
    <groups>
    </groups>
    <test started-at="2023-05-05T19:32:22 CEST" name="Search Test" finished-at="2023-05-05T19:32:40 CEST" duration-ms="17982">
      <class name="company.qa.opencart.tests.search">
        <test-method is-config="true" signature="setup()[pri:0, instance:company.qa.opencart.tests.search@1458ed9c]" started-at="2023-05-05T19:32:22 CEST" name="setup" finished-at="2023-05-05T19:32:35 CEST" duration-ms="12545" status="PASS">
          <reporter-output>
          </reporter-output>
        </test-method> <!-- setup -->
        <test-method signature="TitleTest()[pri:0, instance:company.qa.opencart.tests.search@1458ed9c]" started-at="2023-05-05T19:32:35 CEST" name="TitleTest" finished-at="2023-05-05T19:32:35 CEST" duration-ms="139" status="PASS">
          <reporter-output>
          </reporter-output>
        </test-method> <!-- TitleTest -->
        <test-method signature="searchTest(java.lang.String)[pri:0, instance:company.qa.opencart.tests.search@1458ed9c]" started-at="2023-05-05T19:32:36 CEST" name="searchTest" data-provider="getProductData" finished-at="2023-05-05T19:32:37 CEST" duration-ms="1214" status="PASS">
          <params>
            <param index="0">
              <value>
                <![CDATA[Macbook]]>
              </value>
            </param>
          </params>
          <reporter-output>
          </reporter-output>
        </test-method> <!-- searchTest -->
        <test-method signature="searchTest(java.lang.String)[pri:0, instance:company.qa.opencart.tests.search@1458ed9c]" started-at="2023-05-05T19:32:38 CEST" name="searchTest" data-provider="getProductData" finished-at="2023-05-05T19:32:39 CEST" duration-ms="824" status="PASS">
          <params>
            <param index="0">
              <value>
                <![CDATA[Imac]]>
              </value>
            </param>
          </params>
          <reporter-output>
          </reporter-output>
        </test-method> <!-- searchTest -->
        <test-method signature="searchTest(java.lang.String)[pri:0, instance:company.qa.opencart.tests.search@1458ed9c]" started-at="2023-05-05T19:32:39 CEST" name="searchTest" data-provider="getProductData" finished-at="2023-05-05T19:32:40 CEST" duration-ms="802" status="PASS">
          <params>
            <param index="0">
              <value>
                <![CDATA[Samsung]]>
              </value>
            </param>
          </params>
          <reporter-output>
          </reporter-output>
        </test-method> <!-- searchTest -->
        <test-method is-config="true" signature="tearDown()[pri:0, instance:company.qa.opencart.tests.search@1458ed9c]" started-at="2023-05-05T19:32:40 CEST" name="tearDown" finished-at="2023-05-05T19:32:40 CEST" duration-ms="353" status="PASS">
          <reporter-output>
          </reporter-output>
        </test-method> <!-- tearDown -->
      </class> <!-- company.qa.opencart.tests.search -->
    </test> <!-- Search Test -->
    <test started-at="2023-05-05T19:32:22 CEST" name="Login Test" finished-at="2023-05-05T19:32:41 CEST" duration-ms="19006">
      <class name="company.qa.opencart.tests.LoginTest">
        <test-method is-config="true" signature="setup()[pri:0, instance:company.qa.opencart.tests.LoginTest@3f9342d4]" started-at="2023-05-05T19:32:22 CEST" name="setup" finished-at="2023-05-05T19:32:35 CEST" duration-ms="12944" status="PASS">
          <reporter-output>
          </reporter-output>
        </test-method> <!-- setup -->
        <test-method signature="NavigatetoLoginPageTest()[pri:1, instance:company.qa.opencart.tests.LoginTest@3f9342d4]" started-at="2023-05-05T19:32:35 CEST" name="NavigatetoLoginPageTest" finished-at="2023-05-05T19:32:38 CEST" duration-ms="2462" status="PASS">
          <reporter-output>
          </reporter-output>
        </test-method> <!-- NavigatetoLoginPageTest -->
        <test-method signature="forgotpassTest()[pri:2, instance:company.qa.opencart.tests.LoginTest@3f9342d4]" started-at="2023-05-05T19:32:38 CEST" name="forgotpassTest" finished-at="2023-05-05T19:32:39 CEST" duration-ms="538" status="PASS">
          <reporter-output>
          </reporter-output>
        </test-method> <!-- forgotpassTest -->
        <test-method signature="loginUserTest()[pri:3, instance:company.qa.opencart.tests.LoginTest@3f9342d4]" started-at="2023-05-05T19:32:39 CEST" name="loginUserTest" finished-at="2023-05-05T19:32:41 CEST" duration-ms="1695" status="PASS">
          <reporter-output>
          </reporter-output>
        </test-method> <!-- loginUserTest -->
        <test-method is-config="true" signature="tearDown()[pri:0, instance:company.qa.opencart.tests.LoginTest@3f9342d4]" started-at="2023-05-05T19:32:41 CEST" name="tearDown" finished-at="2023-05-05T19:32:41 CEST" duration-ms="244" status="PASS">
          <reporter-output>
          </reporter-output>
        </test-method> <!-- tearDown -->
      </class> <!-- company.qa.opencart.tests.LoginTest -->
    </test> <!-- Login Test -->
  </suite> <!-- Suite -->
</testng-results>
